{
  "stats": {
    "suites": 1,
    "tests": 6,
    "passes": 5,
    "pending": 0,
    "failures": 1,
    "start": "2023-05-10T14:39:18.046Z",
    "end": "2023-05-10T14:42:37.481Z",
    "duration": 199435,
    "testsRegistered": 6,
    "passPercent": 83.33333333333334,
    "pendingPercent": 0,
    "other": 0,
    "hasOther": false,
    "skipped": 0,
    "hasSkipped": false
  },
  "results": [
    {
      "uuid": "f2b94cf8-d515-4cc1-aff8-0bd5ba457d3f",
      "title": "",
      "fullFile": "cypress\\integration\\feature\\Resident.feature",
      "file": "cypress\\integration\\feature\\Resident.feature",
      "beforeHooks": [],
      "afterHooks": [],
      "tests": [],
      "suites": [
        {
          "uuid": "4a231b8f-05fb-44cf-bd00-557417914538",
          "title": "login and search by using Resident",
          "fullFile": "",
          "file": "",
          "beforeHooks": [],
          "afterHooks": [],
          "tests": [
            {
              "title": "search profile by using passport then validate business rules without failures English",
              "fullTitle": "login and search by using Resident search profile by using passport then validate business rules without failures English",
              "timedOut": null,
              "duration": 19275,
              "state": "passed",
              "speed": "slow",
              "pass": true,
              "fail": false,
              "pending": false,
              "context": null,
              "code": "const state = window.testState;\nreturn cy\n  .then(() => state.onStartScenario(scenario, indexedSteps))\n  .then(() =>\n    resolveAndRunBeforeHooks.call(this, scenario.tags, state.feature.name)\n  )\n  .then(() =>\n    indexedSteps.forEach((step) =>\n      stepTest.call(this, state, step, rowData)\n    )\n  )\n  .then(() => state.onFinishScenario(scenario));",
              "err": {},
              "uuid": "5e1563b4-2047-489d-a3dc-dcb49a26168c",
              "parentUUID": "4a231b8f-05fb-44cf-bd00-557417914538",
              "isHook": false,
              "skipped": false
            },
            {
              "title": "Scan Residence and Establish Porifle then Validate Business Rules and Mark Travel for Resident English",
              "fullTitle": "login and search by using Resident Scan Residence and Establish Porifle then Validate Business Rules and Mark Travel for Resident English",
              "timedOut": null,
              "duration": 6653,
              "state": "passed",
              "speed": "medium",
              "pass": true,
              "fail": false,
              "pending": false,
              "context": null,
              "code": "const state = window.testState;\nreturn cy\n  .then(() => state.onStartScenario(scenario, indexedSteps))\n  .then(() =>\n    resolveAndRunBeforeHooks.call(this, scenario.tags, state.feature.name)\n  )\n  .then(() =>\n    indexedSteps.forEach((step) =>\n      stepTest.call(this, state, step, rowData)\n    )\n  )\n  .then(() => state.onFinishScenario(scenario));",
              "err": {},
              "uuid": "ec3e6c2f-993a-4c2a-a6b5-d7e792ecbf9d",
              "parentUUID": "4a231b8f-05fb-44cf-bd00-557417914538",
              "isHook": false,
              "skipped": false
            },
            {
              "title": "Search and attach profile in investigate screen for a resident then validate business rules and mark travel without failures and check legality status",
              "fullTitle": "login and search by using Resident Search and attach profile in investigate screen for a resident then validate business rules and mark travel without failures and check legality status",
              "timedOut": null,
              "duration": 18658,
              "state": "passed",
              "speed": "slow",
              "pass": true,
              "fail": false,
              "pending": false,
              "context": null,
              "code": "const state = window.testState;\nreturn cy\n  .then(() => state.onStartScenario(scenario, indexedSteps))\n  .then(() =>\n    resolveAndRunBeforeHooks.call(this, scenario.tags, state.feature.name)\n  )\n  .then(() =>\n    indexedSteps.forEach((step) =>\n      stepTest.call(this, state, step, rowData)\n    )\n  )\n  .then(() => state.onFinishScenario(scenario));",
              "err": {},
              "uuid": "73965053-7f66-4ab3-981e-9f8debdbb3f9",
              "parentUUID": "4a231b8f-05fb-44cf-bd00-557417914538",
              "isHook": false,
              "skipped": false
            },
            {
              "title": "Resident has overstay violation, fine paid, outpass issued and travel is marked suing passport. Travel document is saved, English profile",
              "fullTitle": "login and search by using Resident Resident has overstay violation, fine paid, outpass issued and travel is marked suing passport. Travel document is saved, English profile",
              "timedOut": null,
              "duration": 18602,
              "state": "passed",
              "speed": "slow",
              "pass": true,
              "fail": false,
              "pending": false,
              "context": null,
              "code": "const state = window.testState;\nreturn cy\n  .then(() => state.onStartScenario(scenario, indexedSteps))\n  .then(() =>\n    resolveAndRunBeforeHooks.call(this, scenario.tags, state.feature.name)\n  )\n  .then(() =>\n    indexedSteps.forEach((step) =>\n      stepTest.call(this, state, step, rowData)\n    )\n  )\n  .then(() => state.onFinishScenario(scenario));",
              "err": {},
              "uuid": "c8564f84-0eb4-4495-b7e9-f7ed7f21064e",
              "parentUUID": "4a231b8f-05fb-44cf-bd00-557417914538",
              "isHook": false,
              "skipped": false
            },
            {
              "title": "Search and attach vision profile by searching residence number. Profile is selected and populated in investigate page",
              "fullTitle": "login and search by using Resident Search and attach vision profile by searching residence number. Profile is selected and populated in investigate page",
              "timedOut": null,
              "duration": 18933,
              "state": "passed",
              "speed": "slow",
              "pass": true,
              "fail": false,
              "pending": false,
              "context": null,
              "code": "const state = window.testState;\nreturn cy\n  .then(() => state.onStartScenario(scenario, indexedSteps))\n  .then(() =>\n    resolveAndRunBeforeHooks.call(this, scenario.tags, state.feature.name)\n  )\n  .then(() =>\n    indexedSteps.forEach((step) =>\n      stepTest.call(this, state, step, rowData)\n    )\n  )\n  .then(() => state.onFinishScenario(scenario));",
              "err": {},
              "uuid": "f199e50c-fad0-4419-a891-eadced4ce208",
              "parentUUID": "4a231b8f-05fb-44cf-bd00-557417914538",
              "isHook": false,
              "skipped": false
            },
            {
              "title": "Officer is granted backdated travel privilege. Officer enter back date less than last travel date. he got validation error message",
              "fullTitle": "login and search by using Resident Officer is granted backdated travel privilege. Officer enter back date less than last travel date. he got validation error message",
              "timedOut": null,
              "duration": 113821,
              "state": "failed",
              "speed": null,
              "pass": false,
              "fail": true,
              "pending": false,
              "context": null,
              "code": "const state = window.testState;\nreturn cy\n  .then(() => state.onStartScenario(scenario, indexedSteps))\n  .then(() =>\n    resolveAndRunBeforeHooks.call(this, scenario.tags, state.feature.name)\n  )\n  .then(() =>\n    indexedSteps.forEach((step) =>\n      stepTest.call(this, state, step, rowData)\n    )\n  )\n  .then(() => state.onFinishScenario(scenario));",
              "err": {
                "message": "AssertionError: Timed out retrying after 100000ms: Expected to find element: `.error-box > p`, but never found it.",
                "estack": "AssertionError: Timed out retrying after 100000ms: Expected to find element: `.error-box > p`, but never found it.\n    at Context.eval (cypress/integration/feature/Resident/Resident.js:1112:43)\n    at Context.resolveAndRunStepDefinition (node_modules/cypress-cucumber-preprocessor/lib/resolveStepDefinition.js:193:0)\n    at Context.eval (node_modules/cypress-cucumber-preprocessor/lib/createTestFromScenario.js:27:0)",
                "diff": null
              },
              "uuid": "073513e1-5d3e-45a6-8dfe-f0d45a5108fd",
              "parentUUID": "4a231b8f-05fb-44cf-bd00-557417914538",
              "isHook": false,
              "skipped": false
            }
          ],
          "suites": [],
          "passes": [
            "5e1563b4-2047-489d-a3dc-dcb49a26168c",
            "ec3e6c2f-993a-4c2a-a6b5-d7e792ecbf9d",
            "73965053-7f66-4ab3-981e-9f8debdbb3f9",
            "c8564f84-0eb4-4495-b7e9-f7ed7f21064e",
            "f199e50c-fad0-4419-a891-eadced4ce208"
          ],
          "failures": [
            "073513e1-5d3e-45a6-8dfe-f0d45a5108fd"
          ],
          "pending": [],
          "skipped": [],
          "duration": 195942,
          "root": false,
          "rootEmpty": false,
          "_timeout": 2000
        }
      ],
      "passes": [],
      "failures": [],
      "pending": [],
      "skipped": [],
      "duration": 0,
      "root": true,
      "rootEmpty": true,
      "_timeout": 2000
    }
  ],
  "meta": {
    "mocha": {
      "version": "7.0.1"
    },
    "mochawesome": {
      "options": {
        "quiet": false,
        "reportFilename": "mochawesome",
        "saveHtml": true,
        "saveJson": true,
        "consoleReporter": "spec",
        "useInlineDiffs": false,
        "code": true
      },
      "version": "7.1.3"
    },
    "marge": {
      "options": {
        "reportDir": "cypress/reports/mochawesome-report",
        "overwrite": true,
        "html": true,
        "json": true,
        "timestamp": "mmddyyyy_HHMMss"
      },
      "version": "6.2.0"
    }
  }
}