{
  "stats": {
    "suites": 1,
    "tests": 4,
    "passes": 3,
    "pending": 0,
    "failures": 1,
    "start": "2023-05-10T14:36:40.026Z",
    "end": "2023-05-10T14:39:11.836Z",
    "duration": 151810,
    "testsRegistered": 4,
    "passPercent": 75,
    "pendingPercent": 0,
    "other": 0,
    "hasOther": false,
    "skipped": 0,
    "hasSkipped": false
  },
  "results": [
    {
      "uuid": "c917f0cb-d483-46fb-80df-b570ef646591",
      "title": "",
      "fullFile": "cypress\\integration\\feature\\passportNum.feature",
      "file": "cypress\\integration\\feature\\passportNum.feature",
      "beforeHooks": [],
      "afterHooks": [],
      "tests": [],
      "suites": [
        {
          "uuid": "e6c3a4c6-95b0-4f99-9ff3-8e0b32660ad5",
          "title": "login and search by using Passport Number",
          "fullFile": "",
          "file": "",
          "beforeHooks": [],
          "afterHooks": [],
          "tests": [
            {
              "title": "login and search by using Passport Number and Validate failed business rules and matching blacklist English",
              "fullTitle": "login and search by using Passport Number login and search by using Passport Number and Validate failed business rules and matching blacklist English",
              "timedOut": null,
              "duration": 13319,
              "state": "passed",
              "speed": "slow",
              "pass": true,
              "fail": false,
              "pending": false,
              "context": null,
              "code": "const state = window.testState;\nreturn cy\n  .then(() => state.onStartScenario(scenario, indexedSteps))\n  .then(() =>\n    resolveAndRunBeforeHooks.call(this, scenario.tags, state.feature.name)\n  )\n  .then(() =>\n    indexedSteps.forEach((step) =>\n      stepTest.call(this, state, step, rowData)\n    )\n  )\n  .then(() => state.onFinishScenario(scenario));",
              "err": {},
              "uuid": "d405dcf2-d51e-4d13-810b-8ca504a3ec8e",
              "parentUUID": "e6c3a4c6-95b0-4f99-9ff3-8e0b32660ad5",
              "isHook": false,
              "skipped": false
            },
            {
              "title": "login and Scan UAE Local Passport and Validate Business Rules English",
              "fullTitle": "login and search by using Passport Number login and Scan UAE Local Passport and Validate Business Rules English",
              "timedOut": null,
              "duration": 13624,
              "state": "passed",
              "speed": "slow",
              "pass": true,
              "fail": false,
              "pending": false,
              "context": null,
              "code": "const state = window.testState;\nreturn cy\n  .then(() => state.onStartScenario(scenario, indexedSteps))\n  .then(() =>\n    resolveAndRunBeforeHooks.call(this, scenario.tags, state.feature.name)\n  )\n  .then(() =>\n    indexedSteps.forEach((step) =>\n      stepTest.call(this, state, step, rowData)\n    )\n  )\n  .then(() => state.onFinishScenario(scenario));",
              "err": {},
              "uuid": "05f16559-a920-4486-871b-d6063c5f5d47",
              "parentUUID": "e6c3a4c6-95b0-4f99-9ff3-8e0b32660ad5",
              "isHook": false,
              "skipped": false
            },
            {
              "title": "login and search by using Passport Number and Validate no business rules failure English",
              "fullTitle": "login and search by using Passport Number login and search by using Passport Number and Validate no business rules failure English",
              "timedOut": null,
              "duration": 107524,
              "state": "failed",
              "speed": null,
              "pass": false,
              "fail": true,
              "pending": false,
              "context": null,
              "code": "const state = window.testState;\nreturn cy\n  .then(() => state.onStartScenario(scenario, indexedSteps))\n  .then(() =>\n    resolveAndRunBeforeHooks.call(this, scenario.tags, state.feature.name)\n  )\n  .then(() =>\n    indexedSteps.forEach((step) =>\n      stepTest.call(this, state, step, rowData)\n    )\n  )\n  .then(() => state.onFinishScenario(scenario));",
              "err": {
                "message": "AssertionError: Timed out retrying after 100000ms: Expected to find element: `[class=\"shadow-lg flashnotification successful\"]`, but never found it.",
                "estack": "AssertionError: Timed out retrying after 100000ms: Expected to find element: `[class=\"shadow-lg flashnotification successful\"]`, but never found it.\n    at Context.eval (cypress/integration/feature/passportNum/passportNum.js:124:32)\n    at Context.resolveAndRunStepDefinition (node_modules/cypress-cucumber-preprocessor/lib/resolveStepDefinition.js:193:0)\n    at Context.eval (node_modules/cypress-cucumber-preprocessor/lib/createTestFromScenario.js:27:0)",
                "diff": null
              },
              "uuid": "7ce8084c-c109-4354-a662-b379b711d6fa",
              "parentUUID": "e6c3a4c6-95b0-4f99-9ff3-8e0b32660ad5",
              "isHook": false,
              "skipped": false
            },
            {
              "title": "login and search by using UAE local with privilege to bypass yellow business rules English",
              "fullTitle": "login and search by using Passport Number login and search by using UAE local with privilege to bypass yellow business rules English",
              "timedOut": null,
              "duration": 13936,
              "state": "passed",
              "speed": "slow",
              "pass": true,
              "fail": false,
              "pending": false,
              "context": null,
              "code": "const state = window.testState;\nreturn cy\n  .then(() => state.onStartScenario(scenario, indexedSteps))\n  .then(() =>\n    resolveAndRunBeforeHooks.call(this, scenario.tags, state.feature.name)\n  )\n  .then(() =>\n    indexedSteps.forEach((step) =>\n      stepTest.call(this, state, step, rowData)\n    )\n  )\n  .then(() => state.onFinishScenario(scenario));",
              "err": {},
              "uuid": "9717ee2d-f2ff-4407-ad5e-f9d5c00d82be",
              "parentUUID": "e6c3a4c6-95b0-4f99-9ff3-8e0b32660ad5",
              "isHook": false,
              "skipped": false
            }
          ],
          "suites": [],
          "passes": [
            "d405dcf2-d51e-4d13-810b-8ca504a3ec8e",
            "05f16559-a920-4486-871b-d6063c5f5d47",
            "9717ee2d-f2ff-4407-ad5e-f9d5c00d82be"
          ],
          "failures": [
            "7ce8084c-c109-4354-a662-b379b711d6fa"
          ],
          "pending": [],
          "skipped": [],
          "duration": 148403,
          "root": false,
          "rootEmpty": false,
          "_timeout": 2000
        }
      ],
      "passes": [],
      "failures": [],
      "pending": [],
      "skipped": [],
      "duration": 0,
      "root": true,
      "rootEmpty": true,
      "_timeout": 2000
    }
  ],
  "meta": {
    "mocha": {
      "version": "7.0.1"
    },
    "mochawesome": {
      "options": {
        "quiet": false,
        "reportFilename": "mochawesome",
        "saveHtml": true,
        "saveJson": true,
        "consoleReporter": "spec",
        "useInlineDiffs": false,
        "code": true
      },
      "version": "7.1.3"
    },
    "marge": {
      "options": {
        "reportDir": "cypress/reports/mochawesome-report",
        "overwrite": true,
        "html": true,
        "json": true,
        "timestamp": "mmddyyyy_HHMMss"
      },
      "version": "6.2.0"
    }
  }
}