{
  "stats": {
    "suites": 1,
    "tests": 2,
    "passes": 2,
    "pending": 0,
    "failures": 0,
    "start": "2023-05-10T14:34:50.677Z",
    "end": "2023-05-10T14:35:13.881Z",
    "duration": 23204,
    "testsRegistered": 2,
    "passPercent": 100,
    "pendingPercent": 0,
    "other": 0,
    "hasOther": false,
    "skipped": 0,
    "hasSkipped": false
  },
  "results": [
    {
      "uuid": "986832d1-77c0-4ea9-bff4-0bd4a7ac07fc",
      "title": "",
      "fullFile": "cypress\\integration\\feature\\CardNumber.feature",
      "file": "cypress\\integration\\feature\\CardNumber.feature",
      "beforeHooks": [],
      "afterHooks": [],
      "tests": [],
      "suites": [
        {
          "uuid": "efb9e133-7278-437d-95b1-c11d44c147cb",
          "title": "Card Number",
          "fullFile": "",
          "file": "",
          "beforeHooks": [],
          "afterHooks": [],
          "tests": [
            {
              "title": "Search with Card Number UAE Local English",
              "fullTitle": "Card Number Search with Card Number UAE Local English",
              "timedOut": null,
              "duration": 10450,
              "state": "passed",
              "speed": "slow",
              "pass": true,
              "fail": false,
              "pending": false,
              "context": null,
              "code": "const state = window.testState;\nreturn cy\n  .then(() => state.onStartScenario(scenario, indexedSteps))\n  .then(() =>\n    resolveAndRunBeforeHooks.call(this, scenario.tags, state.feature.name)\n  )\n  .then(() =>\n    indexedSteps.forEach((step) =>\n      stepTest.call(this, state, step, rowData)\n    )\n  )\n  .then(() => state.onFinishScenario(scenario));",
              "err": {},
              "uuid": "c0a88561-b2e2-446b-9f13-f68b6cdcf570",
              "parentUUID": "efb9e133-7278-437d-95b1-c11d44c147cb",
              "isHook": false,
              "skipped": false
            },
            {
              "title": "Search with Card Number UAE Local and mark travel",
              "fullTitle": "Card Number Search with Card Number UAE Local and mark travel",
              "timedOut": null,
              "duration": 9356,
              "state": "passed",
              "speed": "medium",
              "pass": true,
              "fail": false,
              "pending": false,
              "context": null,
              "code": "const state = window.testState;\nreturn cy\n  .then(() => state.onStartScenario(scenario, indexedSteps))\n  .then(() =>\n    resolveAndRunBeforeHooks.call(this, scenario.tags, state.feature.name)\n  )\n  .then(() =>\n    indexedSteps.forEach((step) =>\n      stepTest.call(this, state, step, rowData)\n    )\n  )\n  .then(() => state.onFinishScenario(scenario));",
              "err": {},
              "uuid": "b5abede1-968b-4df2-9ce8-7c0c7a24919a",
              "parentUUID": "efb9e133-7278-437d-95b1-c11d44c147cb",
              "isHook": false,
              "skipped": false
            }
          ],
          "suites": [],
          "passes": [
            "c0a88561-b2e2-446b-9f13-f68b6cdcf570",
            "b5abede1-968b-4df2-9ce8-7c0c7a24919a"
          ],
          "failures": [],
          "pending": [],
          "skipped": [],
          "duration": 19806,
          "root": false,
          "rootEmpty": false,
          "_timeout": 2000
        }
      ],
      "passes": [],
      "failures": [],
      "pending": [],
      "skipped": [],
      "duration": 0,
      "root": true,
      "rootEmpty": true,
      "_timeout": 2000
    }
  ],
  "meta": {
    "mocha": {
      "version": "7.0.1"
    },
    "mochawesome": {
      "options": {
        "quiet": false,
        "reportFilename": "mochawesome",
        "saveHtml": true,
        "saveJson": true,
        "consoleReporter": "spec",
        "useInlineDiffs": false,
        "code": true
      },
      "version": "7.1.3"
    },
    "marge": {
      "options": {
        "reportDir": "cypress/reports/mochawesome-report",
        "overwrite": true,
        "html": true,
        "json": true,
        "timestamp": "mmddyyyy_HHMMss"
      },
      "version": "6.2.0"
    }
  }
}